   Compiling libc v0.2.179
   Compiling serde_core v1.0.228
   Compiling serde v1.0.228
   Compiling find-msvc-tools v0.1.6
   Compiling shlex v1.3.0
   Compiling version_check v0.9.5
   Compiling pin-project-lite v0.2.16
   Compiling memchr v2.7.6
   Compiling futures-core v0.3.31
   Compiling stable_deref_trait v1.2.1
   Compiling futures-sink v0.3.31
   Compiling futures-task v0.3.31
   Compiling smallvec v1.15.1
   Compiling slab v0.4.11
   Compiling itoa v1.0.17
   Compiling pin-utils v0.1.0
   Compiling futures-io v0.3.31
   Compiling equivalent v1.0.2
   Compiling writeable v0.6.2
   Compiling litemap v0.8.1
   Compiling icu_properties_data v2.1.2
   Compiling icu_normalizer_data v2.1.1
   Compiling zeroize v1.8.2
   Compiling hashbrown v0.16.1
   Compiling percent-encoding v2.3.2
   Compiling httparse v1.10.1
   Compiling either v1.15.0
   Compiling untrusted v0.9.0
   Compiling tower-service v0.3.3
   Compiling try-lock v0.2.5
   Compiling parking_lot_core v0.9.12
   Compiling rustls v0.23.36
   Compiling fnv v1.0.7
   Compiling atomic-waker v1.1.2
   Compiling scopeguard v1.2.0
   Compiling zmij v1.0.11
   Compiling subtle v2.6.1
   Compiling ipnet v2.11.0
   Compiling openssl-probe v0.2.0
   Compiling base64 v0.22.1
   Compiling iana-time-zone v0.1.64
   Compiling utf8_iter v1.0.4
   Compiling serde_json v1.0.148
   Compiling tower-layer v0.3.3
   Compiling ryu v1.0.22
   Compiling pkg-config v0.3.32
   Compiling iri-string v0.7.10
   Compiling foldhash v0.1.5
   Compiling allocator-api2 v0.2.21
   Compiling rustversion v1.0.22
   Compiling log v0.4.27
   Compiling array-init-cursor v0.2.1
   Compiling futures-channel v0.3.31
   Compiling tracing-core v0.1.36
   Compiling want v0.3.1
   Compiling sync_wrapper v1.0.2
   Compiling lock_api v0.4.14
   Compiling signal-hook v0.3.18
   Compiling same-file v1.0.6
   Compiling regex-syntax v0.8.8
   Compiling crc32fast v1.5.0
   Compiling virtue v0.0.18
   Compiling adler2 v2.0.1
   Compiling humantime v2.3.0
   Compiling simd-adler32 v0.3.8
   Compiling zstd-safe v7.2.4
   Compiling siphasher v1.0.1
   Compiling rustls-pki-types v1.13.2
   Compiling form_urlencoded v1.2.2
   Compiling simdutf8 v0.1.5
   Compiling unty v0.0.4
   Compiling static_assertions v1.1.0
   Compiling chrono-tz v0.10.4
   Compiling heck v0.5.0
   Compiling streaming-iterator v0.1.9
   Compiling rustix v1.1.3
   Compiling dyn-clone v1.0.20
   Compiling ethnum v1.5.2
   Compiling typenum v1.18.0
   Compiling debug_unsafe v0.1.3
   Compiling linux-raw-sys v0.11.0
   Compiling litrs v1.0.0
   Compiling syn v2.0.100
   Compiling itertools v0.14.0
   Compiling walkdir v2.5.0
   Compiling slotmap v1.1.1
   Compiling polars-utils v0.51.0
   Compiling polars-schema v0.51.0
   Compiling polars-arrow v0.51.0
   Compiling polars-compute v0.51.0
   Compiling generic-array v0.14.7
   Compiling fast-float2 v0.2.3
   Compiling strength_reduce v0.2.4
   Compiling boxcar v0.2.14
   Compiling rmp v0.8.15
   Compiling miniz_oxide v0.8.9
   Compiling phf_shared v0.12.1
   Compiling atoi_simd v0.16.1
   Compiling polars-core v0.51.0
   Compiling unicode-segmentation v1.12.0
   Compiling polars-ops v0.51.0
   Compiling xxhash-rust v0.8.15
   Compiling argminmax v0.6.3
   Compiling fallible-streaming-iterator v0.1.9
   Compiling cfg-if v1.0.0
   Compiling cpufeatures v0.2.17
   Compiling constant_time_eq v0.3.1
   Compiling arrayref v0.3.9
   Compiling arrayvec v0.7.6
   Compiling glob v0.3.3
   Compiling home v0.5.12
   Compiling concurrent-queue v2.5.0
   Compiling aho-corasick v1.1.4
   Compiling parking v2.2.1
   Compiling polars-stream v0.51.0
   Compiling rayon v1.10.0
   Compiling object v0.32.2
   Compiling streaming-decompression v0.1.2
   Compiling crossbeam-channel v0.5.15
   Compiling crossbeam-queue v0.3.12
   Compiling polars-lazy v0.51.0
   Compiling rustls-native-certs v0.8.3
   Compiling phf v0.12.1
   Compiling polars v0.51.0
   Compiling event-listener v5.4.1
   Compiling bincode_derive v2.0.1
   Compiling document-features v0.2.12
   Compiling castaway v0.2.4
   Compiling event-listener-strategy v0.5.4
   Compiling flate2 v1.1.5
   Compiling async-channel v2.5.0
   Compiling jobserver v0.1.34
   Compiling crypto-common v0.1.7
   Compiling block-buffer v0.10.4
   Compiling getrandom v0.2.16
   Compiling socket2 v0.6.1
   Compiling mio v1.1.1
   Compiling getrandom v0.3.2
   Compiling errno v0.3.14
   Compiling memmap2 v0.9.9
   Compiling console v0.15.11
   Compiling lapack-sys v0.15.0
   Compiling num_cpus v1.16.0
   Compiling digest v0.10.7
   Compiling cc v1.2.51
   Compiling signal-hook-registry v1.4.8
   Compiling rand_core v0.6.4
   Compiling rand_core v0.9.3
   Compiling sha2 v0.10.9
   Compiling parking_lot v0.12.5
   Compiling rand_chacha v0.3.1
   Compiling rand_chacha v0.9.0
   Compiling polars-plan v0.51.0
   Compiling rand v0.9.0
   Compiling rand v0.8.5
   Compiling regex-automata v0.4.13
   Compiling rand_distr v0.5.1
   Compiling ring v0.17.14
   Compiling stacker v0.1.22
   Compiling zstd-sys v2.0.16+zstd.1.5.7
   Compiling lz4-sys v1.11.1+lz4-1.10.0
   Compiling blake3 v1.8.2
   Compiling rand_distr v0.4.3
   Compiling indexmap v2.12.1
   Compiling uuid v1.19.0
   Compiling indicatif v0.17.11
   Compiling ar_archive_writer v0.2.0
   Compiling psm v0.1.28
   Compiling synstructure v0.13.2
   Compiling serde_stacker v0.1.14
   Compiling serde_derive v1.0.228
   Compiling zerofrom-derive v0.1.6
   Compiling yoke-derive v0.8.1
   Compiling futures-macro v0.3.31
   Compiling zerovec-derive v0.11.2
   Compiling displaydoc v0.2.5
   Compiling tokio-macros v2.6.0
   Compiling tracing-attributes v0.1.31
   Compiling bytemuck_derive v1.10.2
   Compiling thiserror-impl v2.0.12
   Compiling async-trait v0.1.89
   Compiling strum_macros v0.27.2
   Compiling async-stream-impl v0.3.6
   Compiling recursive-proc-macro-impl v0.1.1
   Compiling nalgebra-macros v0.2.2
   Compiling recursive v0.1.1
   Compiling async-stream v0.3.6
   Compiling regex v1.12.2
   Compiling futures-util v0.3.31
   Compiling tracing v0.1.44
   Compiling zerofrom v0.1.6
   Compiling yoke v0.8.1
   Compiling thiserror v2.0.12
   Compiling bytemuck v1.22.0
   Compiling skiplist v0.6.0
   Compiling zerovec v0.11.5
   Compiling zerotrie v0.2.3
   Compiling safe_arch v0.7.4
   Compiling wide v0.7.32
   Compiling tinystr v0.8.2
   Compiling potential_utf v0.1.4
   Compiling icu_collections v2.1.1
   Compiling icu_locale_core v2.1.1
   Compiling icu_provider v2.1.1
   Compiling icu_properties v2.1.2
   Compiling icu_normalizer v2.1.1
   Compiling bytes v1.11.0
   Compiling bitflags v2.9.0
   Compiling chrono v0.4.42
   Compiling serde_urlencoded v0.7.1
   Compiling hashbrown v0.15.5
   Compiling quick-xml v0.38.4
   Compiling compact_str v0.9.0
   Compiling rmp-serde v1.3.1
   Compiling bincode v2.0.1
   Compiling num-complex v0.4.6
   Compiling raw-cpuid v11.6.0
   Compiling simba v0.9.0
   Compiling lapack v0.20.0
   Compiling futures-executor v0.3.31
   Compiling tokio v1.49.0
   Compiling http v1.4.0
   Compiling futures v0.3.31
   Compiling polars-parquet-format v0.1.0
   Compiling planus v1.1.1
   Compiling idna_adapter v1.2.1
   Compiling idna v1.1.0
   Compiling url v2.5.7
   Compiling now v0.1.3
   Compiling http-body v1.0.1
   Compiling polars-arrow-format v0.2.1
   Compiling http-body-util v0.1.3
   Compiling lz4 v1.28.1
   Compiling rustls-webpki v0.103.8
   Compiling crossterm v0.29.0
   Compiling fs4 v0.13.1
   Compiling comfy-table v7.2.1
   Compiling tokio-util v0.7.18
   Compiling tower v0.5.2
   Compiling tower-http v0.6.8
   Compiling nalgebra v0.33.2
   Compiling h2 v0.4.13
   Compiling tokio-rustls v0.26.4
   Compiling zstd v0.13.3
   Compiling hyper v1.8.1
   Compiling hyper-util v0.1.19
   Compiling hyper-rustls v0.27.7
   Compiling reqwest v0.12.28
   Compiling object_store v0.12.4
   Compiling polars-error v0.51.0
   Compiling statrs v0.18.0
   Compiling polars-dtype v0.51.0
   Compiling polars-row v0.51.0
   Compiling polars-parquet v0.51.0
   Compiling polars-time v0.51.0
   Compiling polars-io v0.51.0
   Compiling polars-expr v0.51.0
   Compiling polars-mem-engine v0.51.0
   Compiling QTSim v0.1.0 (/home/raceup/Franco/QTSim)
    Finished `release` profile [optimized] target(s) in 1m 37s
     Running `target/release/QTSim`
